2022-07-31_14-09-23 [background-preinit] INFO  o.h.validator.internal.util.Version - HV000001: Hibernate Validator 6.1.7.Final
2022-07-31_14-09-23 [restartedMain] INFO  c.p.p.d.PensionDisbursementMicroserviceApplication - Starting PensionDisbursementMicroserviceApplication using Java 17.0.3 on LTIN310968 with PID 11372 (C:\Users\912809\OneDrive - Cognizant\Documents\FSE0 Documents\Pensionmanagement\pension-management-system-1\pms-PensionDisbursement-Microservice\target\classes started by 912809 in C:\Users\912809\OneDrive - Cognizant\Documents\FSE0 Documents\Pensionmanagement\pension-management-system-1\pms-PensionDisbursement-Microservice)
2022-07-31_14-09-23 [restartedMain] INFO  c.p.p.d.PensionDisbursementMicroserviceApplication - No active profile set, falling back to default profiles: default
2022-07-31_14-09-23 [restartedMain] INFO  o.s.b.d.e.DevToolsPropertyDefaultsPostProcessor - Devtools property defaults active! Set 'spring.devtools.add-properties' to 'false' to disable
2022-07-31_14-09-23 [restartedMain] INFO  o.s.b.d.e.DevToolsPropertyDefaultsPostProcessor - For additional web related logging consider setting the 'logging.level.web' property to 'DEBUG'
2022-07-31_14-09-23 [restartedMain] INFO  o.s.cloud.context.scope.GenericScope - BeanFactory id=b9683ae0-eafe-316a-8e99-88285f9bacbd
2022-07-31_14-09-23 [restartedMain] INFO  o.s.c.s.PostProcessorRegistrationDelegate$BeanPostProcessorChecker - Bean 'com.pms.pension.disbursement.feignclient.AuthorisingClient' of type [org.springframework.cloud.openfeign.FeignClientFactoryBean] is not eligible for getting processed by all BeanPostProcessors (for example: not eligible for auto-proxying)
2022-07-31_14-09-23 [restartedMain] INFO  o.s.c.s.PostProcessorRegistrationDelegate$BeanPostProcessorChecker - Bean 'com.pms.pension.disbursement.feignclient.PensionDisbursementFeignClient' of type [org.springframework.cloud.openfeign.FeignClientFactoryBean] is not eligible for getting processed by all BeanPostProcessors (for example: not eligible for auto-proxying)
2022-07-31_14-09-23 [restartedMain] INFO  o.s.b.w.e.tomcat.TomcatWebServer - Tomcat initialized with port(s): 8300 (http)
2022-07-31_14-09-23 [restartedMain] INFO  o.a.coyote.http11.Http11NioProtocol - Initializing ProtocolHandler ["http-nio-8300"]
2022-07-31_14-09-23 [restartedMain] INFO  o.a.catalina.core.StandardService - Starting service [Tomcat]
2022-07-31_14-09-23 [restartedMain] INFO  o.a.catalina.core.StandardEngine - Starting Servlet engine: [Apache Tomcat/9.0.41]
2022-07-31_14-09-23 [restartedMain] INFO  o.a.c.c.C.[.[.[/disbursement] - Initializing Spring embedded WebApplicationContext
2022-07-31_14-09-23 [restartedMain] INFO  o.s.b.w.s.c.ServletWebServerApplicationContext - Root WebApplicationContext: initialization completed in 3769 ms
2022-07-31_14-09-23 [restartedMain] INFO  o.s.b.d.a.OptionalLiveReloadServer - LiveReload server is running on port 35729
2022-07-31_14-09-23 [restartedMain] INFO  o.s.s.c.ThreadPoolTaskExecutor - Initializing ExecutorService 'applicationTaskExecutor'
2022-07-31_14-09-23 [restartedMain] INFO  o.s.b.a.e.web.EndpointLinksResolver - Exposing 2 endpoint(s) beneath base path '/actuator'
2022-07-31_14-09-23 [restartedMain] INFO  o.a.coyote.http11.Http11NioProtocol - Starting ProtocolHandler ["http-nio-8300"]
2022-07-31_14-09-23 [restartedMain] INFO  o.s.b.w.e.tomcat.TomcatWebServer - Tomcat started on port(s): 8300 (http) with context path '/disbursement'
2022-07-31_14-09-23 [restartedMain] INFO  c.p.p.d.PensionDisbursementMicroserviceApplication - Started PensionDisbursementMicroserviceApplication in 6.562 seconds (JVM running for 7.714)
2022-07-31_21-18-38 [background-preinit] INFO  o.h.validator.internal.util.Version - HV000001: Hibernate Validator 6.1.7.Final
2022-07-31_21-18-38 [restartedMain] INFO  c.p.p.d.PensionDisbursementMicroserviceApplication - Starting PensionDisbursementMicroserviceApplication using Java 17.0.3 on LTIN310968 with PID 25952 (C:\Users\912809\OneDrive - Cognizant\Documents\FSE0 Documents\Pensionmanagement\pension-management-system-1\pms-PensionDisbursement-Microservice\target\classes started by 912809 in C:\Users\912809\OneDrive - Cognizant\Documents\FSE0 Documents\Pensionmanagement\pension-management-system-1\pms-PensionDisbursement-Microservice)
2022-07-31_21-18-38 [restartedMain] INFO  c.p.p.d.PensionDisbursementMicroserviceApplication - No active profile set, falling back to default profiles: default
2022-07-31_21-18-38 [restartedMain] INFO  o.s.b.d.e.DevToolsPropertyDefaultsPostProcessor - Devtools property defaults active! Set 'spring.devtools.add-properties' to 'false' to disable
2022-07-31_21-18-38 [restartedMain] INFO  o.s.b.d.e.DevToolsPropertyDefaultsPostProcessor - For additional web related logging consider setting the 'logging.level.web' property to 'DEBUG'
2022-07-31_21-18-38 [restartedMain] INFO  o.s.cloud.context.scope.GenericScope - BeanFactory id=b9683ae0-eafe-316a-8e99-88285f9bacbd
2022-07-31_21-18-38 [restartedMain] INFO  o.s.c.s.PostProcessorRegistrationDelegate$BeanPostProcessorChecker - Bean 'com.pms.pension.disbursement.feignclient.AuthorisingClient' of type [org.springframework.cloud.openfeign.FeignClientFactoryBean] is not eligible for getting processed by all BeanPostProcessors (for example: not eligible for auto-proxying)
2022-07-31_21-18-38 [restartedMain] INFO  o.s.c.s.PostProcessorRegistrationDelegate$BeanPostProcessorChecker - Bean 'com.pms.pension.disbursement.feignclient.PensionDisbursementFeignClient' of type [org.springframework.cloud.openfeign.FeignClientFactoryBean] is not eligible for getting processed by all BeanPostProcessors (for example: not eligible for auto-proxying)
2022-07-31_21-18-38 [restartedMain] INFO  o.s.b.w.e.tomcat.TomcatWebServer - Tomcat initialized with port(s): 8300 (http)
2022-07-31_21-18-38 [restartedMain] INFO  o.a.coyote.http11.Http11NioProtocol - Initializing ProtocolHandler ["http-nio-8300"]
2022-07-31_21-18-38 [restartedMain] INFO  o.a.catalina.core.StandardService - Starting service [Tomcat]
2022-07-31_21-18-38 [restartedMain] INFO  o.a.catalina.core.StandardEngine - Starting Servlet engine: [Apache Tomcat/9.0.41]
2022-07-31_21-18-38 [restartedMain] INFO  o.a.c.c.C.[.[.[/disbursement] - Initializing Spring embedded WebApplicationContext
2022-07-31_21-18-38 [restartedMain] INFO  o.s.b.w.s.c.ServletWebServerApplicationContext - Root WebApplicationContext: initialization completed in 2881 ms
2022-07-31_21-18-38 [restartedMain] INFO  o.s.s.c.ThreadPoolTaskExecutor - Initializing ExecutorService 'applicationTaskExecutor'
2022-07-31_21-18-38 [restartedMain] INFO  o.s.b.a.e.web.EndpointLinksResolver - Exposing 2 endpoint(s) beneath base path '/actuator'
2022-07-31_21-18-38 [restartedMain] INFO  o.a.coyote.http11.Http11NioProtocol - Starting ProtocolHandler ["http-nio-8300"]
2022-07-31_21-18-38 [restartedMain] INFO  o.s.b.w.e.tomcat.TomcatWebServer - Tomcat started on port(s): 8300 (http) with context path '/disbursement'
2022-07-31_21-18-38 [restartedMain] INFO  c.p.p.d.PensionDisbursementMicroserviceApplication - Started PensionDisbursementMicroserviceApplication in 5.522 seconds (JVM running for 6.473)
2022-07-31_21-18-38 [http-nio-8300-exec-1] INFO  o.a.c.c.C.[.[.[/disbursement] - Initializing Spring DispatcherServlet 'dispatcherServlet'
2022-07-31_21-18-38 [http-nio-8300-exec-1] INFO  o.s.web.servlet.DispatcherServlet - Initializing Servlet 'dispatcherServlet'
2022-07-31_21-18-38 [http-nio-8300-exec-1] INFO  o.s.web.servlet.DispatcherServlet - Completed initialization in 1 ms
